{
    "name": "sQC_Substrate__STK324209",
    "fitscore": [
        0.361167,
        0.0908336,
        0.311163,
        0.340639,
        0.137204,
        0.27552,
        0.337213,
        0.119553,
        0.190383,
        0.120516,
        0.0308642,
        0.347543,
        0.213953,
        0.240571,
        0.180225,
        -0.00820163,
        0.293178,
        0.179282,
        0.207713,
        0.297386,
        0.239301,
        0.307136,
        0.375652,
        0.432166,
        0.282149,
        0.277394,
        0.333768,
        0.305164,
        0.230306,
        0.194237,
        0.329947,
        0.449925,
        0.238947,
        0.222185,
        0.275603,
        0.33089,
        0.282276,
        0.139079,
        0.133855,
        0.218205
    ],
    "run_time": 12.711258888244629
}