{
    "name": "sQC_Substrate__STK779818",
    "fitscore": [
        0.161618,
        0.151253,
        0.184152,
        0.107904,
        0.21087,
        0.145476,
        0.173693,
        0.0847302,
        0.194719,
        0.261126,
        0.0725824,
        0.077649,
        0.154069,
        0.309841,
        0.0545192,
        0.185663,
        0.217223,
        0.230215,
        0.223682,
        0.147612,
        0.217538,
        0.214276,
        0.147245,
        0.0522203,
        0.151897,
        0.227801,
        0.159972,
        0.122205,
        0.192164,
        0.135109,
        0.395598,
        0.16985,
        0.11898,
        0.154158,
        0.196416,
        0.17759,
        0.137873,
        0.182733,
        0.183195,
        0.23287
    ],
    "run_time": 12.575664281845093
}