{
    "name": "sQC_Substrate__STK617139",
    "fitscore": [
        0.261402,
        0.210593,
        0.155537,
        0.159433,
        0.271826,
        0.375296,
        0.178132,
        0.138928,
        0.224403,
        0.25335,
        0.28485,
        0.358625,
        0.219753,
        0.17623,
        0.142047,
        0.458724,
        0.2647,
        -0.107435,
        0.315824,
        0.286003,
        0.235939,
        0.0559773,
        0.166805,
        0.196075,
        0.0911687,
        0.348582,
        0.462203,
        0.201417,
        0.160382,
        0.217197,
        0.168149,
        0.37721,
        -0.0339107,
        0.465715,
        0.256628,
        0.164145,
        0.344645,
        0.20652,
        0.160237,
        0.34677
    ],
    "run_time": 13.167933702468872
}