{
    "name": "sQC_Substrate__STL582276",
    "fitscore": [
        -0.0388502,
        0.0862865,
        0.382251,
        0.385035,
        0.360911,
        0.139372,
        0.139238,
        0.250267,
        0.146274,
        0.133453,
        0.228266,
        0.292874,
        0.311619,
        0.107087,
        0.258091,
        0.156287,
        0.190895,
        0.161099,
        0.352923,
        0.0602487,
        -0.121658,
        0.216217,
        0.258186,
        0.190469,
        0.421234,
        0.335753,
        0.385149,
        0.120982,
        0.418506,
        0.379167,
        0.412548,
        0.30404,
        0.235882,
        0.0944252,
        0.44556,
        0.274053,
        0.307711,
        0.372609,
        0.249531,
        0.289761
    ],
    "run_time": 13.672575950622559
}