{
    "name": "sQC_Substrate__STL420760",
    "fitscore": [
        0.390591,
        0.410011,
        0.319532,
        0.268053,
        0.339082,
        0.454351,
        0.427858,
        0.397215,
        0.403995,
        0.566191,
        0.334411,
        0.356034,
        0.311114,
        0.39113,
        0.19712,
        0.353545,
        0.495402,
        0.275957,
        0.320884,
        0.388526,
        0.396668,
        0.325464,
        0.317631,
        0.266927,
        0.485154,
        0.235773,
        0.275395,
        0.341037,
        0.385643,
        0.163194,
        0.14892,
        0.183352,
        0.323645,
        0.217748,
        0.34428,
        0.355883,
        0.198597,
        0.208842,
        0.256026,
        0.566127
    ],
    "run_time": 14.427503824234009
}