{
    "name": "sQC_Substrate__STK441223",
    "fitscore": [
        0.198385,
        0.254992,
        0.191612,
        0.148567,
        0.199897,
        0.21897,
        0.124105,
        0.318359,
        0.241587,
        0.174876,
        0.219316,
        0.145819,
        0.206607,
        0.247723,
        0.131272,
        0.206178,
        0.167202,
        0.124737,
        0.216415,
        0.205689,
        0.286735,
        0.0722179,
        0.119571,
        0.157463,
        0.184104,
        0.149548,
        0.0444853,
        0.173397,
        0.158223,
        0.0994177,
        0.221047,
        0.0612391,
        0.110032,
        0.145511,
        0.120118,
        0.126077,
        0.216538,
        0.202731,
        0.15608,
        0.149659
    ],
    "run_time": 12.206779479980469
}