{
    "name": "sQC_Substrate__STK936575",
    "fitscore": [
        0.33109,
        0.496131,
        -0.00964985,
        0.19859,
        0.125247,
        0.175027,
        0.245307,
        0.0755088,
        0.289824,
        0.0725106,
        0.260728,
        0.490745,
        0.345085,
        0.109292,
        0.430367,
        0.224371,
        0.223735,
        0.174677,
        0.243789,
        0.131631,
        0.33766,
        0.159381,
        0.132166,
        0.325512,
        0.362737,
        0.075335,
        0.197888,
        0.0574563,
        0.318444,
        0.130324,
        0.369634,
        0.367709,
        0.209639,
        0.369773,
        0.235774,
        0.280933,
        0.411348,
        0.442664,
        0.480093,
        0.211663
    ],
    "run_time": 14.26557731628418
}