{
    "name": "sQC_Substrate__STK255897",
    "fitscore": [
        0.28199,
        0.0691729,
        0.0745306,
        -0.189142,
        0.216799,
        0.482078,
        0.138135,
        0.205208,
        0.0904467,
        0.209783,
        0.169452,
        -0.00102056,
        0.118726,
        -0.676896,
        0.167827,
        0.453729,
        0.236268,
        0.451575,
        0.28699,
        0.244874,
        0.134806,
        -0.0165706,
        0.247549,
        0.122223,
        0.385997,
        0.352261,
        -0.0967116,
        0.0778885,
        0.150662,
        0.207531,
        0.113517,
        0.217782,
        0.176299,
        0.108026,
        0.149719,
        0.331341,
        0.140453,
        0.319052,
        0.246142,
        0.161481
    ],
    "run_time": 12.453370094299316
}