{
    "name": "sQC_Substrate__STL432840",
    "fitscore": [
        0.395982,
        0.340617,
        0.114032,
        0.212206,
        0.313991,
        0.328564,
        0.21791,
        0.191987,
        0.314312,
        0.220927,
        0.151392,
        0.324576,
        0.300409,
        0.141433,
        0.325435,
        0.330797,
        -0.142549,
        0.430018,
        0.560511,
        0.184302,
        0.0532282,
        0.0771942,
        0.115999,
        0.251643,
        0.386632,
        -0.494763,
        0.303976,
        0.301625,
        0.431432,
        0.0623763,
        0.222449,
        0.59094,
        0.237039,
        0.140247,
        0.290785,
        0.266872,
        0.486223,
        0.3277,
        0.496536,
        0.190472
    ],
    "run_time": 10.9081871509552
}