{
    "name": "sQC_Substrate__STK243239",
    "fitscore": [
        0.190011,
        0.257545,
        0.122739,
        0.197639,
        0.177625,
        0.270975,
        0.137381,
        0.165436,
        0.262886,
        0.29826,
        0.13314,
        0.103084,
        0.245179,
        0.242781,
        0.328039,
        0.206785,
        0.169159,
        0.311699,
        0.178029,
        0.162836,
        -0.17494,
        0.0316033,
        0.295894,
        0.259256,
        0.334132,
        0.135507,
        0.240195,
        0.181667,
        0.224089,
        0.218295,
        0.14865,
        0.304426,
        0.349397,
        0.212749,
        0.270761,
        0.320339,
        0.239674,
        0.215155,
        0.0577206,
        0.181671
    ],
    "run_time": 14.789262771606445
}