{
    "name": "sQC_Substrate__STK954214",
    "fitscore": [
        0.105104,
        0.123063,
        0.488813,
        0.304308,
        -0.000729882,
        0.2544,
        0.363548,
        0.189438,
        0.331899,
        0.125557,
        0.195722,
        0.211202,
        0.482164,
        0.369241,
        0.238062,
        0.363753,
        0.185467,
        0.0135216,
        0.0243524,
        0.141884,
        0.322216,
        0.362934,
        0.207857,
        0.214238,
        0.31256,
        0.271855,
        0.127033,
        0.339466,
        0.223253,
        -0.0494722,
        0.291522,
        0.0941249,
        0.279085,
        0.492159,
        0.252444,
        0.138291,
        0.346726,
        0.205493,
        -0.0359989,
        0.216668
    ],
    "run_time": 11.46371054649353
}