{
    "name": "sQC_Substrate__STK498014",
    "fitscore": [
        0.235959,
        0.138569,
        0.192767,
        0.0138547,
        0.244169,
        0.248969,
        0.187257,
        0.28627,
        0.138783,
        0.173324,
        0.347581,
        0.136474,
        0.202356,
        -0.0329981,
        0.146755,
        0.159729,
        0.118909,
        0.153575,
        0.266494,
        0.376045,
        0.188098,
        0.0633441,
        0.24069,
        0.237743,
        0.133479,
        0.229429,
        0.144607,
        0.0384503,
        0.333249,
        0.289553,
        0.232484,
        0.0632167,
        0.109762,
        0.0971163,
        0.208426,
        0.141423,
        0.263214,
        0.0377402,
        0.225706,
        0.235354
    ],
    "run_time": 12.186197280883789
}