{
    "name": "sQC_Substrate__STK536739",
    "fitscore": [
        0.212174,
        0.411796,
        0.131775,
        0.344865,
        0.191949,
        0.0587138,
        0.132305,
        0.286402,
        0.143009,
        0.227013,
        0.241617,
        0.039008,
        0.194919,
        0.227576,
        0.201952,
        0.193556,
        0.128139,
        0.0746638,
        0.232731,
        0.276143,
        0.17607,
        0.0847991,
        0.147466,
        0.306964,
        -0.00738529,
        0.246349,
        0.239703,
        -0.00497936,
        0.332531,
        0.18095,
        0.0808642,
        0.223251,
        -0.0094938,
        0.221802,
        0.196656,
        0.0815079,
        0.195254,
        0.0877976,
        0.327852,
        0.225311
    ],
    "run_time": 15.869609117507935
}