{
    "name": "sQC_Substrate__STK674854",
    "fitscore": [
        0.241217,
        0.287861,
        0.172883,
        0.162784,
        0.198659,
        0.132347,
        0.427787,
        0.355869,
        0.2447,
        0.232774,
        0.318049,
        0.326076,
        0.194401,
        0.219007,
        0.258111,
        0.238108,
        0.223707,
        0.140595,
        0.191471,
        0.237957,
        0.249201,
        0.363048,
        0.271737,
        0.162864,
        0.364537,
        0.127148,
        0.247638,
        0.277773,
        0.22401,
        0.180247,
        0.262673,
        0.388822,
        0.343734,
        0.227192,
        0.330487,
        0.316773,
        0.23917,
        0.125746,
        0.124207,
        0.159056
    ],
    "run_time": 13.789793968200684
}