{
    "name": "sQC_Substrate__STK944352",
    "fitscore": [
        0.192516,
        0.220835,
        0.121062,
        0.292661,
        0.153961,
        0.30814,
        0.177837,
        0.183908,
        0.303105,
        0.154492,
        0.468489,
        0.401871,
        0.188614,
        0.0444939,
        0.411965,
        0.272224,
        0.254244,
        0.388715,
        0.298639,
        0.318394,
        0.146592,
        0.378514,
        0.257715,
        0.176926,
        0.345189,
        0.171271,
        0.182033,
        0.139377,
        0.390629,
        0.189454,
        0.154218,
        0.323049,
        0.179685,
        0.362942,
        0.415346,
        0.233896,
        0.14491,
        0.197354,
        0.193319,
        0.411627
    ],
    "run_time": 14.928112983703613
}